Added Component: Designator=C1(C0805)
Added Component: Designator=C2(C0805)
Added Component: Designator=C3(CAPPR5-10x12.5)
Added Component: Designator=C4(CAPPR2-5x11)
Added Component: Designator=C5(C0805)
Added Component: Designator=C6(CAPPR5-10x12.5)
Added Component: Designator=C7(CAPPR2-5x11)
Added Component: Designator=C8(C0805)
Added Component: Designator=C9(C0805)
Added Component: Designator=C10(C0805)
Added Component: Designator=C11(C0805)
Added Component: Designator=C12(C0805)
Added Component: Designator=C13(C0805)
Added Component: Designator=C14(C0805)
Added Component: Designator=C15(Cap_ALUM_SMD)
Added Component: Designator=C16(C0805)
Added Component: Designator=C17(C0805)
Added Component: Designator=D1(2.00mm L x 1.25mm W)
Added Component: Designator=FB1(INDC1608L)
Added Component: Designator=FB2(INDC1608L)
Added Component: Designator=J1(RCJ-04X)
Added Component: Designator=J2(RCJ-04X)
Added Component: Designator=P1(SJ1-3533NS)
Added Component: Designator=R1(RESC2012L)
Added Component: Designator=R2(6-0805_N)
Added Component: Designator=R3(6-0805_N)
Added Component: Designator=R4(6-0805_N)
Added Component: Designator=R5(RESC2012L)
Added Component: Designator=R6(RESC2012L)
Added Component: Designator=R7(RESC2012L)
Added Component: Designator=R8(RESC2012L)
Added Component: Designator=R9(RESC2012L)
Added Component: Designator=R10(RESC2012L)
Added Component: Designator=R11(RESC2012L)
Added Component: Designator=R12(RESC2012L)
Added Component: Designator=R13(6-0805_N)
Added Component: Designator=R14(RESC2012L)
Added Component: Designator=R15(RESC2012L)
Added Component: Designator=R16(RESC2012L)
Added Component: Designator=R17(6-0805_N)
Added Component: Designator=R18(6-0805_N)
Added Component: Designator=R19(RESC2012L)
Added Component: Designator=S1(C&K_PTS645_SMD)
Added Component: Designator=S2(C&K_PTS645_SMD)
Added Component: Designator=S3(C&K_PTS645_SMD)
Added Component: Designator=S4(C&K_PTS645_SMD)
Added Component: Designator=S5(C&K_PTS645_SMD)
Added Component: Designator=S6(C&K_PTS645_SMD)
Added Component: Designator=S7(C&K_PTS645_SMD)
Added Component: Designator=TP1(Test_Pad)
Added Component: Designator=TP2(Test_Pad)
Added Component: Designator=U1(TQFP80P970X970X120-32N)
Added Component: Designator=U2(PLT133/T6A)
Added Component: Designator=USB_1(USB-M2xFxx)
Added Component: Designator=Y1(TXC-9C)
Added Pin To Net: NetName=FUNC0 Pin=R8-2
Added Pin To Net: NetName=FUNC0 Pin=U1-5
Added Net: Name=FUNC0
Added Pin To Net: NetName=FUNC1 Pin=R7-2
Added Pin To Net: NetName=FUNC1 Pin=U1-19
Added Net: Name=FUNC1
Added Pin To Net: NetName=FUNC2 Pin=R6-2
Added Pin To Net: NetName=FUNC2 Pin=U1-18
Added Net: Name=FUNC2
Added Pin To Net: NetName=FUNC3 Pin=R5-2
Added Pin To Net: NetName=FUNC3 Pin=U1-4
Added Net: Name=FUNC3
Added Pin To Net: NetName=GND Pin=C1-2
Added Pin To Net: NetName=GND Pin=C2-2
Added Pin To Net: NetName=GND Pin=C9-2
Added Pin To Net: NetName=GND Pin=C10-2
Added Pin To Net: NetName=GND Pin=C11-2
Added Pin To Net: NetName=GND Pin=C12-2
Added Pin To Net: NetName=GND Pin=C14-1
Added Pin To Net: NetName=GND Pin=C15-2
Added Pin To Net: NetName=GND Pin=C16-1
Added Pin To Net: NetName=GND Pin=C17-2
Added Pin To Net: NetName=GND Pin=D1-2
Added Pin To Net: NetName=GND Pin=FB2-2
Added Pin To Net: NetName=GND Pin=J1-1
Added Pin To Net: NetName=GND Pin=J1-3
Added Pin To Net: NetName=GND Pin=J1-4
Added Pin To Net: NetName=GND Pin=J2-1
Added Pin To Net: NetName=GND Pin=J2-3
Added Pin To Net: NetName=GND Pin=J2-4
Added Pin To Net: NetName=GND Pin=P1-1
Added Pin To Net: NetName=GND Pin=P1-4
Added Pin To Net: NetName=GND Pin=P1-5
Added Pin To Net: NetName=GND Pin=P1-6
Added Pin To Net: NetName=GND Pin=R9-1
Added Pin To Net: NetName=GND Pin=R10-1
Added Pin To Net: NetName=GND Pin=R13-1
Added Pin To Net: NetName=GND Pin=R15-1
Added Pin To Net: NetName=GND Pin=R16-1
Added Pin To Net: NetName=GND Pin=R17-1
Added Pin To Net: NetName=GND Pin=U1-1
Added Pin To Net: NetName=GND Pin=U1-20
Added Pin To Net: NetName=GND Pin=U1-25
Added Pin To Net: NetName=GND Pin=U1-26
Added Pin To Net: NetName=GND Pin=U1-31
Added Pin To Net: NetName=GND Pin=U2-1
Added Pin To Net: NetName=GND Pin=U2-4
Added Pin To Net: NetName=GND Pin=U2-5
Added Pin To Net: NetName=GND Pin=USB_1-5
Added Net: Name=GND
Added Pin To Net: NetName=HID0 Pin=R11-2
Added Pin To Net: NetName=HID0 Pin=U1-6
Added Net: Name=HID0
Added Pin To Net: NetName=HID1 Pin=R12-2
Added Pin To Net: NetName=HID1 Pin=U1-7
Added Net: Name=HID1
Added Pin To Net: NetName=HID2 Pin=R14-2
Added Pin To Net: NetName=HID2 Pin=U1-8
Added Net: Name=HID2
Added Pin To Net: NetName=NetC3_2 Pin=C3-2
Added Pin To Net: NetName=NetC3_2 Pin=C4-2
Added Pin To Net: NetName=NetC3_2 Pin=J1-2
Added Pin To Net: NetName=NetC3_2 Pin=P1-3
Added Pin To Net: NetName=NetC3_2 Pin=R10-2
Added Net: Name=NetC3_2
Added Pin To Net: NetName=NetC5_2 Pin=C5-2
Added Pin To Net: NetName=NetC5_2 Pin=R13-2
Added Net: Name=NetC5_2
Added Pin To Net: NetName=NetC6_2 Pin=C6-2
Added Pin To Net: NetName=NetC6_2 Pin=C7-2
Added Pin To Net: NetName=NetC6_2 Pin=J2-2
Added Pin To Net: NetName=NetC6_2 Pin=P1-2
Added Pin To Net: NetName=NetC6_2 Pin=R16-2
Added Net: Name=NetC6_2
Added Pin To Net: NetName=NetC8_2 Pin=C8-2
Added Pin To Net: NetName=NetC8_2 Pin=R17-2
Added Net: Name=NetC8_2
Added Pin To Net: NetName=NetC10_1 Pin=C10-1
Added Pin To Net: NetName=NetC10_1 Pin=U1-2
Added Net: Name=NetC10_1
Added Pin To Net: NetName=NetC11_1 Pin=C11-1
Added Pin To Net: NetName=NetC11_1 Pin=U1-27
Added Net: Name=NetC11_1
Added Pin To Net: NetName=NetC12_1 Pin=C12-1
Added Pin To Net: NetName=NetC12_1 Pin=U1-30
Added Net: Name=NetC12_1
Added Pin To Net: NetName=NetC13_1 Pin=C13-1
Added Pin To Net: NetName=NetC13_1 Pin=U1-17
Added Net: Name=NetC13_1
Added Pin To Net: NetName=NetC13_2 Pin=C13-2
Added Pin To Net: NetName=NetC13_2 Pin=U2-3
Added Net: Name=NetC13_2
Added Pin To Net: NetName=NetC14_2 Pin=C14-2
Added Pin To Net: NetName=NetC14_2 Pin=R18-2
Added Pin To Net: NetName=NetC14_2 Pin=U1-12
Added Pin To Net: NetName=NetC14_2 Pin=Y1-2
Added Net: Name=NetC14_2
Added Pin To Net: NetName=NetC15_1 Pin=C15-1
Added Pin To Net: NetName=NetC15_1 Pin=U1-32
Added Net: Name=NetC15_1
Added Pin To Net: NetName=NetC16_2 Pin=C16-2
Added Pin To Net: NetName=NetC16_2 Pin=R18-1
Added Pin To Net: NetName=NetC16_2 Pin=U1-13
Added Pin To Net: NetName=NetC16_2 Pin=Y1-1
Added Net: Name=NetC16_2
Added Pin To Net: NetName=NetD1_1 Pin=D1-1
Added Pin To Net: NetName=NetD1_1 Pin=R3-1
Added Net: Name=NetD1_1
Added Pin To Net: NetName=NetFB1_1 Pin=FB1-1
Added Pin To Net: NetName=NetFB1_1 Pin=USB_1-1
Added Net: Name=NetFB1_1
Added Pin To Net: NetName=NetFB2_1 Pin=FB2-1
Added Pin To Net: NetName=NetFB2_1 Pin=USB_1-6
Added Pin To Net: NetName=NetFB2_1 Pin=USB_1-7
Added Pin To Net: NetName=NetFB2_1 Pin=USB_1-8
Added Pin To Net: NetName=NetFB2_1 Pin=USB_1-9
Added Net: Name=NetFB2_1
Added Pin To Net: NetName=NetR1_2 Pin=R1-2
Added Pin To Net: NetName=NetR1_2 Pin=R4-1
Added Pin To Net: NetName=NetR1_2 Pin=USB_1-3
Added Net: Name=NetR1_2
Added Pin To Net: NetName=NetR2_1 Pin=R2-1
Added Pin To Net: NetName=NetR2_1 Pin=USB_1-2
Added Net: Name=NetR2_1
Added Pin To Net: NetName=NetR5_1 Pin=R5-1
Added Pin To Net: NetName=NetR5_1 Pin=S1-1
Added Pin To Net: NetName=NetR5_1 Pin=S1-3
Added Net: Name=NetR5_1
Added Pin To Net: NetName=NetR6_1 Pin=R6-1
Added Pin To Net: NetName=NetR6_1 Pin=S2-1
Added Pin To Net: NetName=NetR6_1 Pin=S2-3
Added Net: Name=NetR6_1
Added Pin To Net: NetName=NetR7_1 Pin=R7-1
Added Pin To Net: NetName=NetR7_1 Pin=S3-1
Added Pin To Net: NetName=NetR7_1 Pin=S3-3
Added Net: Name=NetR7_1
Added Pin To Net: NetName=NetR8_1 Pin=R8-1
Added Pin To Net: NetName=NetR8_1 Pin=S4-1
Added Pin To Net: NetName=NetR8_1 Pin=S4-3
Added Net: Name=NetR8_1
Added Pin To Net: NetName=NetR11_1 Pin=R11-1
Added Pin To Net: NetName=NetR11_1 Pin=S5-1
Added Pin To Net: NetName=NetR11_1 Pin=S5-3
Added Net: Name=NetR11_1
Added Pin To Net: NetName=NetR12_1 Pin=R12-1
Added Pin To Net: NetName=NetR12_1 Pin=S6-1
Added Pin To Net: NetName=NetR12_1 Pin=S6-3
Added Net: Name=NetR12_1
Added Pin To Net: NetName=NetR14_1 Pin=R14-1
Added Pin To Net: NetName=NetR14_1 Pin=S7-1
Added Pin To Net: NetName=NetR14_1 Pin=S7-3
Added Net: Name=NetR14_1
Added Pin To Net: NetName=NetR19_1 Pin=R19-1
Added Pin To Net: NetName=NetR19_1 Pin=U1-15
Added Net: Name=NetR19_1
Added Pin To Net: NetName=S\S\P\N\D\ Pin=S1-2
Added Pin To Net: NetName=S\S\P\N\D\ Pin=S1-4
Added Pin To Net: NetName=S\S\P\N\D\ Pin=S2-2
Added Pin To Net: NetName=S\S\P\N\D\ Pin=S2-4
Added Pin To Net: NetName=S\S\P\N\D\ Pin=S3-2
Added Pin To Net: NetName=S\S\P\N\D\ Pin=S3-4
Added Pin To Net: NetName=S\S\P\N\D\ Pin=S4-2
Added Pin To Net: NetName=S\S\P\N\D\ Pin=S4-4
Added Pin To Net: NetName=S\S\P\N\D\ Pin=S5-2
Added Pin To Net: NetName=S\S\P\N\D\ Pin=S5-4
Added Pin To Net: NetName=S\S\P\N\D\ Pin=S6-2
Added Pin To Net: NetName=S\S\P\N\D\ Pin=S6-4
Added Pin To Net: NetName=S\S\P\N\D\ Pin=S7-2
Added Pin To Net: NetName=S\S\P\N\D\ Pin=S7-4
Added Pin To Net: NetName=S\S\P\N\D\ Pin=U1-11
Added Net: Name=S\S\P\N\D\
Added Pin To Net: NetName=USB1_D_N Pin=R2-2
Added Pin To Net: NetName=USB1_D_N Pin=U1-22
Added Net: Name=USB1_D_N
Added Pin To Net: NetName=USB1_D_P Pin=R4-2
Added Pin To Net: NetName=USB1_D_P Pin=U1-23
Added Net: Name=USB1_D_P
Added Pin To Net: NetName=VBUS1 Pin=C1-1
Added Pin To Net: NetName=VBUS1 Pin=C2-1
Added Pin To Net: NetName=VBUS1 Pin=FB1-2
Added Pin To Net: NetName=VBUS1 Pin=R3-2
Added Pin To Net: NetName=VBUS1 Pin=TP1-1
Added Pin To Net: NetName=VBUS1 Pin=U1-24
Added Net: Name=VBUS1
Added Pin To Net: NetName=VDD Pin=C9-1
Added Pin To Net: NetName=VDD Pin=C17-1
Added Pin To Net: NetName=VDD Pin=R1-1
Added Pin To Net: NetName=VDD Pin=R19-2
Added Pin To Net: NetName=VDD Pin=TP2-1
Added Pin To Net: NetName=VDD Pin=U1-3
Added Pin To Net: NetName=VDD Pin=U1-9
Added Pin To Net: NetName=VDD Pin=U1-10
Added Pin To Net: NetName=VDD Pin=U1-16
Added Pin To Net: NetName=VDD Pin=U1-21
Added Pin To Net: NetName=VDD Pin=U2-2
Added Net: Name=VDD
Added Pin To Net: NetName=VOUT_L Pin=C6-1
Added Pin To Net: NetName=VOUT_L Pin=C7-1
Added Pin To Net: NetName=VOUT_L Pin=C8-1
Added Pin To Net: NetName=VOUT_L Pin=R15-2
Added Pin To Net: NetName=VOUT_L Pin=U1-28
Added Net: Name=VOUT_L
Added Pin To Net: NetName=VOUT_R Pin=C3-1
Added Pin To Net: NetName=VOUT_R Pin=C4-1
Added Pin To Net: NetName=VOUT_R Pin=C5-1
Added Pin To Net: NetName=VOUT_R Pin=R9-2
Added Pin To Net: NetName=VOUT_R Pin=U1-29
Added Net: Name=VOUT_R
Added Class: Name=USB_Audio DAC
